<?xml version="1.0" encoding="UTF-8"?>
<!-- Generated by org.testng.reporters.JUnitReportReporter -->
<testsuite hostname="DESKTOP-J1KM8UJ" failures="0" tests="1" name="TestClasses.VerifyUserCanRemoverProductsFromCart" time="0.005" errors="0" timestamp="2023-01-01T14:08:40 IST" skipped="0">
  <testcase classname="TestClasses.VerifyUserCanRemoverProductsFromCart" name="test1" time="0.005"/>
  <system-out/>
</testsuite> <!-- TestClasses.VerifyUserCanRemoverProductsFromCart -->
